This file contains any messages produced by compilers while
running configure, to aid debugging if configure makes a mistake.

It was created by dovecot-mbc configure 1.0, which was
generated by GNU Autoconf 2.69.  Invocation command line was

  $ ./configure 

## --------- ##
## Platform. ##
## --------- ##

hostname = server
uname -m = x86_64
uname -r = 3.13.0-32-generic
uname -s = Linux
uname -v = #57-Ubuntu SMP Tue Jul 15 03:51:08 UTC 2014

/usr/bin/uname -p = unknown
/bin/uname -X     = unknown

/bin/arch              = unknown
/usr/bin/arch -k       = unknown
/usr/convex/getsysinfo = unknown
/usr/bin/hostinfo      = unknown
/bin/machine           = unknown
/usr/bin/oslevel       = unknown
/bin/universe          = unknown

PATH: /usr/local/sbin
PATH: /usr/local/bin
PATH: /usr/sbin
PATH: /usr/bin
PATH: /sbin
PATH: /bin
PATH: /usr/games


## ----------- ##
## Core tests. ##
## ----------- ##

configure:2378: checking for gcc
configure:2394: found /usr/bin/gcc
configure:2405: result: gcc
configure:2634: checking for C compiler version
configure:2643: gcc --version >&5
gcc (Ubuntu 4.8.2-19ubuntu1) 4.8.2
Copyright (C) 2013 Free Software Foundation, Inc.
This is free software; see the source for copying conditions.  There is NO
warranty; not even for MERCHANTABILITY or FITNESS FOR A PARTICULAR PURPOSE.

configure:2654: $? = 0
configure:2643: gcc -v >&5
Using built-in specs.
COLLECT_GCC=gcc
COLLECT_LTO_WRAPPER=/usr/lib/gcc/x86_64-linux-gnu/4.8/lto-wrapper
Target: x86_64-linux-gnu
Configured with: ../src/configure -v --with-pkgversion='Ubuntu 4.8.2-19ubuntu1' --with-bugurl=file:///usr/share/doc/gcc-4.8/README.Bugs --enable-languages=c,c++,java,go,d,fortran,objc,obj-c++ --prefix=/usr --program-suffix=-4.8 --enable-shared --enable-linker-build-id --libexecdir=/usr/lib --without-included-gettext --enable-threads=posix --with-gxx-include-dir=/usr/include/c++/4.8 --libdir=/usr/lib --enable-nls --with-sysroot=/ --enable-clocale=gnu --enable-libstdcxx-debug --enable-libstdcxx-time=yes --enable-gnu-unique-object --disable-libmudflap --enable-plugin --with-system-zlib --disable-browser-plugin --enable-java-awt=gtk --enable-gtk-cairo --with-java-home=/usr/lib/jvm/java-1.5.0-gcj-4.8-amd64/jre --enable-java-home --with-jvm-root-dir=/usr/lib/jvm/java-1.5.0-gcj-4.8-amd64 --with-jvm-jar-dir=/usr/lib/jvm-exports/java-1.5.0-gcj-4.8-amd64 --with-arch-directory=amd64 --with-ecj-jar=/usr/share/java/eclipse-ecj.jar --enable-objc-gc --enable-multiarch --disable-werror --with-arch-32=i686 --with-abi=m64 --with-multilib-list=m32,m64,mx32 --with-tune=generic --enable-checking=release --build=x86_64-linux-gnu --host=x86_64-linux-gnu --target=x86_64-linux-gnu
Thread model: posix
gcc version 4.8.2 (Ubuntu 4.8.2-19ubuntu1) 
configure:2654: $? = 0
configure:2643: gcc -V >&5
gcc: error: unrecognized command line option '-V'
gcc: fatal error: no input files
compilation terminated.
configure:2654: $? = 4
configure:2643: gcc -qversion >&5
gcc: error: unrecognized command line option '-qversion'
gcc: fatal error: no input files
compilation terminated.
configure:2654: $? = 4
configure:2674: checking whether the C compiler works
configure:2696: gcc    conftest.c  >&5
configure:2700: $? = 0
configure:2748: result: yes
configure:2751: checking for C compiler default output file name
configure:2753: result: a.out
configure:2759: checking for suffix of executables
configure:2766: gcc -o conftest    conftest.c  >&5
configure:2770: $? = 0
configure:2792: result: 
configure:2814: checking whether we are cross compiling
configure:2822: gcc -o conftest    conftest.c  >&5
configure:2826: $? = 0
configure:2833: ./conftest
configure:2837: $? = 0
configure:2852: result: no
configure:2857: checking for suffix of object files
configure:2879: gcc -c   conftest.c >&5
configure:2883: $? = 0
configure:2904: result: o
configure:2908: checking whether we are using the GNU C compiler
configure:2927: gcc -c   conftest.c >&5
configure:2927: $? = 0
configure:2936: result: yes
configure:2945: checking whether gcc accepts -g
configure:2965: gcc -c -g  conftest.c >&5
configure:2965: $? = 0
configure:3006: result: yes
configure:3023: checking for gcc option to accept ISO C89
configure:3086: gcc  -c -g -O2  conftest.c >&5
configure:3086: $? = 0
configure:3099: result: none needed
configure:3162: checking for a BSD-compatible install
configure:3230: result: /usr/bin/install -c
configure:3251: checking how to run the C preprocessor
configure:3282: gcc -E  conftest.c
configure:3282: $? = 0
configure:3296: gcc -E  conftest.c
conftest.c:9:28: fatal error: ac_nonexistent.h: No such file or directory
 #include <ac_nonexistent.h>
                            ^
compilation terminated.
configure:3296: $? = 1
configure: failed program was:
| /* confdefs.h */
| #define PACKAGE_NAME "dovecot-mbc"
| #define PACKAGE_TARNAME "dovecot-mbc"
| #define PACKAGE_VERSION "1.0"
| #define PACKAGE_STRING "dovecot-mbc 1.0"
| #define PACKAGE_BUGREPORT "lukas.mika@web.de"
| #define PACKAGE_URL ""
| /* end confdefs.h.  */
| #include <ac_nonexistent.h>
configure:3321: result: gcc -E
configure:3341: gcc -E  conftest.c
configure:3341: $? = 0
configure:3355: gcc -E  conftest.c
conftest.c:9:28: fatal error: ac_nonexistent.h: No such file or directory
 #include <ac_nonexistent.h>
                            ^
compilation terminated.
configure:3355: $? = 1
configure: failed program was:
| /* confdefs.h */
| #define PACKAGE_NAME "dovecot-mbc"
| #define PACKAGE_TARNAME "dovecot-mbc"
| #define PACKAGE_VERSION "1.0"
| #define PACKAGE_STRING "dovecot-mbc 1.0"
| #define PACKAGE_BUGREPORT "lukas.mika@web.de"
| #define PACKAGE_URL ""
| /* end confdefs.h.  */
| #include <ac_nonexistent.h>
configure:3384: checking for grep that handles long lines and -e
configure:3442: result: /bin/grep
configure:3447: checking for egrep
configure:3509: result: /bin/grep -E
configure:3514: checking for ANSI C header files
configure:3534: gcc -c -g -O2  conftest.c >&5
configure:3534: $? = 0
configure:3607: gcc -o conftest -g -O2   conftest.c  >&5
configure:3607: $? = 0
configure:3607: ./conftest
configure:3607: $? = 0
configure:3618: result: yes
configure:3631: checking for sys/types.h
configure:3631: gcc -c -g -O2  conftest.c >&5
configure:3631: $? = 0
configure:3631: result: yes
configure:3631: checking for sys/stat.h
configure:3631: gcc -c -g -O2  conftest.c >&5
configure:3631: $? = 0
configure:3631: result: yes
configure:3631: checking for stdlib.h
configure:3631: gcc -c -g -O2  conftest.c >&5
configure:3631: $? = 0
configure:3631: result: yes
configure:3631: checking for string.h
configure:3631: gcc -c -g -O2  conftest.c >&5
configure:3631: $? = 0
configure:3631: result: yes
configure:3631: checking for memory.h
configure:3631: gcc -c -g -O2  conftest.c >&5
configure:3631: $? = 0
configure:3631: result: yes
configure:3631: checking for strings.h
configure:3631: gcc -c -g -O2  conftest.c >&5
configure:3631: $? = 0
configure:3631: result: yes
configure:3631: checking for inttypes.h
configure:3631: gcc -c -g -O2  conftest.c >&5
configure:3631: $? = 0
configure:3631: result: yes
configure:3631: checking for stdint.h
configure:3631: gcc -c -g -O2  conftest.c >&5
configure:3631: $? = 0
configure:3631: result: yes
configure:3631: checking for unistd.h
configure:3631: gcc -c -g -O2  conftest.c >&5
configure:3631: $? = 0
configure:3631: result: yes
configure:3645: checking for stdlib.h
configure:3645: result: yes
configure:3661: checking size of int
configure:3666: gcc -o conftest -g -O2   conftest.c  >&5
configure:3666: $? = 0
configure:3666: ./conftest
configure:3666: $? = 0
configure:3680: result: 4
configure:3694: checking size of long
configure:3699: gcc -o conftest -g -O2   conftest.c  >&5
configure:3699: $? = 0
configure:3699: ./conftest
configure:3699: $? = 0
configure:3713: result: 8
configure:3727: checking size of void *
configure:3732: gcc -o conftest -g -O2   conftest.c  >&5
configure:3732: $? = 0
configure:3732: ./conftest
configure:3732: $? = 0
configure:3746: result: 8
configure:3760: checking size of long long
configure:3765: gcc -o conftest -g -O2   conftest.c  >&5
configure:3765: $? = 0
configure:3765: ./conftest
configure:3765: $? = 0
configure:3779: result: 8
configure:3792: checking for uintmax_t
configure:3792: gcc -c -g -O2  conftest.c >&5
configure:3792: $? = 0
configure:3792: gcc -c -g -O2  conftest.c >&5
conftest.c: In function 'main':
conftest.c:60:24: error: expected expression before ')' token
 if (sizeof ((uintmax_t)))
                        ^
configure:3792: $? = 1
configure: failed program was:
| /* confdefs.h */
| #define PACKAGE_NAME "dovecot-mbc"
| #define PACKAGE_TARNAME "dovecot-mbc"
| #define PACKAGE_VERSION "1.0"
| #define PACKAGE_STRING "dovecot-mbc 1.0"
| #define PACKAGE_BUGREPORT "lukas.mika@web.de"
| #define PACKAGE_URL ""
| #define STDC_HEADERS 1
| #define HAVE_SYS_TYPES_H 1
| #define HAVE_SYS_STAT_H 1
| #define HAVE_STDLIB_H 1
| #define HAVE_STRING_H 1
| #define HAVE_MEMORY_H 1
| #define HAVE_STRINGS_H 1
| #define HAVE_INTTYPES_H 1
| #define HAVE_STDINT_H 1
| #define HAVE_UNISTD_H 1
| #define HAVE_STDLIB_H 1
| #define SIZEOF_INT 4
| #define SIZEOF_LONG 8
| #define SIZEOF_VOID_P 8
| #define SIZEOF_LONG_LONG 8
| /* end confdefs.h.  */
| #include <stdio.h>
| #ifdef HAVE_SYS_TYPES_H
| # include <sys/types.h>
| #endif
| #ifdef HAVE_SYS_STAT_H
| # include <sys/stat.h>
| #endif
| #ifdef STDC_HEADERS
| # include <stdlib.h>
| # include <stddef.h>
| #else
| # ifdef HAVE_STDLIB_H
| #  include <stdlib.h>
| # endif
| #endif
| #ifdef HAVE_STRING_H
| # if !defined STDC_HEADERS && defined HAVE_MEMORY_H
| #  include <memory.h>
| # endif
| # include <string.h>
| #endif
| #ifdef HAVE_STRINGS_H
| # include <strings.h>
| #endif
| #ifdef HAVE_INTTYPES_H
| # include <inttypes.h>
| #endif
| #ifdef HAVE_STDINT_H
| # include <stdint.h>
| #endif
| #ifdef HAVE_UNISTD_H
| # include <unistd.h>
| #endif
| int
| main ()
| {
| if (sizeof ((uintmax_t)))
| 	    return 0;
|   ;
|   return 0;
| }
configure:3792: result: yes
configure:3799: checking for uint_fast32_t
configure:3799: gcc -c -g -O2  conftest.c >&5
configure:3799: $? = 0
configure:3799: gcc -c -g -O2  conftest.c >&5
conftest.c: In function 'main':
conftest.c:61:28: error: expected expression before ')' token
 if (sizeof ((uint_fast32_t)))
                            ^
configure:3799: $? = 1
configure: failed program was:
| /* confdefs.h */
| #define PACKAGE_NAME "dovecot-mbc"
| #define PACKAGE_TARNAME "dovecot-mbc"
| #define PACKAGE_VERSION "1.0"
| #define PACKAGE_STRING "dovecot-mbc 1.0"
| #define PACKAGE_BUGREPORT "lukas.mika@web.de"
| #define PACKAGE_URL ""
| #define STDC_HEADERS 1
| #define HAVE_SYS_TYPES_H 1
| #define HAVE_SYS_STAT_H 1
| #define HAVE_STDLIB_H 1
| #define HAVE_STRING_H 1
| #define HAVE_MEMORY_H 1
| #define HAVE_STRINGS_H 1
| #define HAVE_INTTYPES_H 1
| #define HAVE_STDINT_H 1
| #define HAVE_UNISTD_H 1
| #define HAVE_STDLIB_H 1
| #define SIZEOF_INT 4
| #define SIZEOF_LONG 8
| #define SIZEOF_VOID_P 8
| #define SIZEOF_LONG_LONG 8
| #define HAVE_UINTMAX_T /**/
| /* end confdefs.h.  */
| #include <stdio.h>
| #ifdef HAVE_SYS_TYPES_H
| # include <sys/types.h>
| #endif
| #ifdef HAVE_SYS_STAT_H
| # include <sys/stat.h>
| #endif
| #ifdef STDC_HEADERS
| # include <stdlib.h>
| # include <stddef.h>
| #else
| # ifdef HAVE_STDLIB_H
| #  include <stdlib.h>
| # endif
| #endif
| #ifdef HAVE_STRING_H
| # if !defined STDC_HEADERS && defined HAVE_MEMORY_H
| #  include <memory.h>
| # endif
| # include <string.h>
| #endif
| #ifdef HAVE_STRINGS_H
| # include <strings.h>
| #endif
| #ifdef HAVE_INTTYPES_H
| # include <inttypes.h>
| #endif
| #ifdef HAVE_STDINT_H
| # include <stdint.h>
| #endif
| #ifdef HAVE_UNISTD_H
| # include <unistd.h>
| #endif
| int
| main ()
| {
| if (sizeof ((uint_fast32_t)))
| 	    return 0;
|   ;
|   return 0;
| }
configure:3799: result: yes
configure:3806: checking for socklen_t
configure:3806: gcc -c -g -O2  conftest.c >&5
configure:3806: $? = 0
configure:3806: gcc -c -g -O2  conftest.c >&5
conftest.c: In function 'main':
conftest.c:62:24: error: expected expression before ')' token
 if (sizeof ((socklen_t)))
                        ^
configure:3806: $? = 1
configure: failed program was:
| /* confdefs.h */
| #define PACKAGE_NAME "dovecot-mbc"
| #define PACKAGE_TARNAME "dovecot-mbc"
| #define PACKAGE_VERSION "1.0"
| #define PACKAGE_STRING "dovecot-mbc 1.0"
| #define PACKAGE_BUGREPORT "lukas.mika@web.de"
| #define PACKAGE_URL ""
| #define STDC_HEADERS 1
| #define HAVE_SYS_TYPES_H 1
| #define HAVE_SYS_STAT_H 1
| #define HAVE_STDLIB_H 1
| #define HAVE_STRING_H 1
| #define HAVE_MEMORY_H 1
| #define HAVE_STRINGS_H 1
| #define HAVE_INTTYPES_H 1
| #define HAVE_STDINT_H 1
| #define HAVE_UNISTD_H 1
| #define HAVE_STDLIB_H 1
| #define SIZEOF_INT 4
| #define SIZEOF_LONG 8
| #define SIZEOF_VOID_P 8
| #define SIZEOF_LONG_LONG 8
| #define HAVE_UINTMAX_T /**/
| #define HAVE_UINT_FAST32_T /**/
| /* end confdefs.h.  */
| #include <stdio.h>
| #ifdef HAVE_SYS_TYPES_H
| # include <sys/types.h>
| #endif
| #ifdef HAVE_SYS_STAT_H
| # include <sys/stat.h>
| #endif
| #ifdef STDC_HEADERS
| # include <stdlib.h>
| # include <stddef.h>
| #else
| # ifdef HAVE_STDLIB_H
| #  include <stdlib.h>
| # endif
| #endif
| #ifdef HAVE_STRING_H
| # if !defined STDC_HEADERS && defined HAVE_MEMORY_H
| #  include <memory.h>
| # endif
| # include <string.h>
| #endif
| #ifdef HAVE_STRINGS_H
| # include <strings.h>
| #endif
| #ifdef HAVE_INTTYPES_H
| # include <inttypes.h>
| #endif
| #ifdef HAVE_STDINT_H
| # include <stdint.h>
| #endif
| #ifdef HAVE_UNISTD_H
| # include <unistd.h>
| #endif
| int
| main ()
| {
| if (sizeof ((socklen_t)))
| 	    return 0;
|   ;
|   return 0;
| }
configure:3806: result: yes
configure:3814: checking for uoff_t
configure:3814: gcc -c -g -O2  conftest.c >&5
conftest.c: In function 'main':
conftest.c:63:13: error: 'uoff_t' undeclared (first use in this function)
 if (sizeof (uoff_t))
             ^
conftest.c:63:13: note: each undeclared identifier is reported only once for each function it appears in
configure:3814: $? = 1
configure: failed program was:
| /* confdefs.h */
| #define PACKAGE_NAME "dovecot-mbc"
| #define PACKAGE_TARNAME "dovecot-mbc"
| #define PACKAGE_VERSION "1.0"
| #define PACKAGE_STRING "dovecot-mbc 1.0"
| #define PACKAGE_BUGREPORT "lukas.mika@web.de"
| #define PACKAGE_URL ""
| #define STDC_HEADERS 1
| #define HAVE_SYS_TYPES_H 1
| #define HAVE_SYS_STAT_H 1
| #define HAVE_STDLIB_H 1
| #define HAVE_STRING_H 1
| #define HAVE_MEMORY_H 1
| #define HAVE_STRINGS_H 1
| #define HAVE_INTTYPES_H 1
| #define HAVE_STDINT_H 1
| #define HAVE_UNISTD_H 1
| #define HAVE_STDLIB_H 1
| #define SIZEOF_INT 4
| #define SIZEOF_LONG 8
| #define SIZEOF_VOID_P 8
| #define SIZEOF_LONG_LONG 8
| #define HAVE_UINTMAX_T /**/
| #define HAVE_UINT_FAST32_T /**/
| #define HAVE_SOCKLEN_T /**/
| /* end confdefs.h.  */
| #include <stdio.h>
| #ifdef HAVE_SYS_TYPES_H
| # include <sys/types.h>
| #endif
| #ifdef HAVE_SYS_STAT_H
| # include <sys/stat.h>
| #endif
| #ifdef STDC_HEADERS
| # include <stdlib.h>
| # include <stddef.h>
| #else
| # ifdef HAVE_STDLIB_H
| #  include <stdlib.h>
| # endif
| #endif
| #ifdef HAVE_STRING_H
| # if !defined STDC_HEADERS && defined HAVE_MEMORY_H
| #  include <memory.h>
| # endif
| # include <string.h>
| #endif
| #ifdef HAVE_STRINGS_H
| # include <strings.h>
| #endif
| #ifdef HAVE_INTTYPES_H
| # include <inttypes.h>
| #endif
| #ifdef HAVE_STDINT_H
| # include <stdint.h>
| #endif
| #ifdef HAVE_UNISTD_H
| # include <unistd.h>
| #endif
| int
| main ()
| {
| if (sizeof (uoff_t))
| 	 return 0;
|   ;
|   return 0;
| }
configure:3814: result: no
configure:3838: checking type of off_t
configure:3890: gcc -c -g -O2 -Werror  conftest.c >&5
configure:3890: $? = 0
configure:3890: gcc -c -g -O2 -Werror  conftest.c >&5
conftest.c: In function 'main':
conftest.c:35:11: error: format '%d' expects argument of type 'int', but argument 2 has type 'long int' [-Werror=format=]
           printf("%d", (off_t)0);
           ^
cc1: all warnings being treated as errors
configure:3890: $? = 1
configure: failed program was:
| /* confdefs.h */
| #define PACKAGE_NAME "dovecot-mbc"
| #define PACKAGE_TARNAME "dovecot-mbc"
| #define PACKAGE_VERSION "1.0"
| #define PACKAGE_STRING "dovecot-mbc 1.0"
| #define PACKAGE_BUGREPORT "lukas.mika@web.de"
| #define PACKAGE_URL ""
| #define STDC_HEADERS 1
| #define HAVE_SYS_TYPES_H 1
| #define HAVE_SYS_STAT_H 1
| #define HAVE_STDLIB_H 1
| #define HAVE_STRING_H 1
| #define HAVE_MEMORY_H 1
| #define HAVE_STRINGS_H 1
| #define HAVE_INTTYPES_H 1
| #define HAVE_STDINT_H 1
| #define HAVE_UNISTD_H 1
| #define HAVE_STDLIB_H 1
| #define SIZEOF_INT 4
| #define SIZEOF_LONG 8
| #define SIZEOF_VOID_P 8
| #define SIZEOF_LONG_LONG 8
| #define HAVE_UINTMAX_T /**/
| #define HAVE_UINT_FAST32_T /**/
| #define HAVE_SOCKLEN_T /**/
| /* end confdefs.h.  */
| 
|           #include <sys/types.h>
|           #include <stdio.h>
| 
| int
| main ()
| {
| 
|           printf("%d", (off_t)0);
| 
|   ;
|   return 0;
| }
configure:3890: gcc -c -g -O2 -Werror  conftest.c >&5
conftest.c: In function 'main':
conftest.c:35:11: error: format '%lld' expects argument of type 'long long int', but argument 2 has type 'long int' [-Werror=format=]
           printf("%lld", (off_t)0);
           ^
cc1: all warnings being treated as errors
configure:3890: $? = 1
configure: failed program was:
| /* confdefs.h */
| #define PACKAGE_NAME "dovecot-mbc"
| #define PACKAGE_TARNAME "dovecot-mbc"
| #define PACKAGE_VERSION "1.0"
| #define PACKAGE_STRING "dovecot-mbc 1.0"
| #define PACKAGE_BUGREPORT "lukas.mika@web.de"
| #define PACKAGE_URL ""
| #define STDC_HEADERS 1
| #define HAVE_SYS_TYPES_H 1
| #define HAVE_SYS_STAT_H 1
| #define HAVE_STDLIB_H 1
| #define HAVE_STRING_H 1
| #define HAVE_MEMORY_H 1
| #define HAVE_STRINGS_H 1
| #define HAVE_INTTYPES_H 1
| #define HAVE_STDINT_H 1
| #define HAVE_UNISTD_H 1
| #define HAVE_STDLIB_H 1
| #define SIZEOF_INT 4
| #define SIZEOF_LONG 8
| #define SIZEOF_VOID_P 8
| #define SIZEOF_LONG_LONG 8
| #define HAVE_UINTMAX_T /**/
| #define HAVE_UINT_FAST32_T /**/
| #define HAVE_SOCKLEN_T /**/
| /* end confdefs.h.  */
| 
|           #include <sys/types.h>
|           #include <stdio.h>
| 
| int
| main ()
| {
| 
|           printf("%lld", (off_t)0);
| 
|   ;
|   return 0;
| }
configure:3991: result: long
configure:4031: checking for struct iovec
configure:4050: gcc -c -g -O2  conftest.c >&5
configure:4050: $? = 0
configure:4064: result: yes
configure:4070: checking for setenv
configure:4070: gcc -o conftest -g -O2   conftest.c  >&5
configure:4070: $? = 0
configure:4070: result: yes
configure:4232: creating ./config.status

## ---------------------- ##
## Running config.status. ##
## ---------------------- ##

This file was extended by dovecot-mbc config.status 1.0, which was
generated by GNU Autoconf 2.69.  Invocation command line was

  CONFIG_FILES    = 
  CONFIG_HEADERS  = 
  CONFIG_LINKS    = 
  CONFIG_COMMANDS = 
  $ ./config.status 

on server

config.status:729: creating Makefile

## ---------------- ##
## Cache variables. ##
## ---------------- ##

ac_cv_c_compiler_gnu=yes
ac_cv_env_CC_set=
ac_cv_env_CC_value=
ac_cv_env_CFLAGS_set=
ac_cv_env_CFLAGS_value=
ac_cv_env_CPPFLAGS_set=
ac_cv_env_CPPFLAGS_value=
ac_cv_env_CPP_set=
ac_cv_env_CPP_value=
ac_cv_env_LDFLAGS_set=
ac_cv_env_LDFLAGS_value=
ac_cv_env_LIBS_set=
ac_cv_env_LIBS_value=
ac_cv_env_build_alias_set=
ac_cv_env_build_alias_value=
ac_cv_env_host_alias_set=
ac_cv_env_host_alias_value=
ac_cv_env_target_alias_set=
ac_cv_env_target_alias_value=
ac_cv_func_setenv=yes
ac_cv_header_inttypes_h=yes
ac_cv_header_memory_h=yes
ac_cv_header_stdc=yes
ac_cv_header_stdint_h=yes
ac_cv_header_stdlib_h=yes
ac_cv_header_string_h=yes
ac_cv_header_strings_h=yes
ac_cv_header_sys_stat_h=yes
ac_cv_header_sys_types_h=yes
ac_cv_header_unistd_h=yes
ac_cv_objext=o
ac_cv_path_EGREP='/bin/grep -E'
ac_cv_path_GREP=/bin/grep
ac_cv_path_install='/usr/bin/install -c'
ac_cv_prog_CPP='gcc -E'
ac_cv_prog_ac_ct_CC=gcc
ac_cv_prog_cc_c89=
ac_cv_prog_cc_g=yes
ac_cv_sizeof_int=4
ac_cv_sizeof_long=8
ac_cv_sizeof_long_long=8
ac_cv_sizeof_void_p=8
ac_cv_type_socklen_t=yes
ac_cv_type_uint_fast32_t=yes
ac_cv_type_uintmax_t=yes
ac_cv_type_uoff_t=no
i_cv_struct_iovec=yes
i_cv_typeof_off_t=long/long

## ----------------- ##
## Output variables. ##
## ----------------- ##

CC='gcc'
CFLAGS='-g -O2'
CPP='gcc -E'
CPPFLAGS=''
DEFS='-DPACKAGE_NAME=\"dovecot-mbc\" -DPACKAGE_TARNAME=\"dovecot-mbc\" -DPACKAGE_VERSION=\"1.0\" -DPACKAGE_STRING=\"dovecot-mbc\ 1.0\" -DPACKAGE_BUGREPORT=\"lukas.mika@web.de\" -DPACKAGE_URL=\"\" -DSTDC_HEADERS=1 -DHAVE_SYS_TYPES_H=1 -DHAVE_SYS_STAT_H=1 -DHAVE_STDLIB_H=1 -DHAVE_STRING_H=1 -DHAVE_MEMORY_H=1 -DHAVE_STRINGS_H=1 -DHAVE_INTTYPES_H=1 -DHAVE_STDINT_H=1 -DHAVE_UNISTD_H=1 -DHAVE_STDLIB_H=1 -DSIZEOF_INT=4 -DSIZEOF_LONG=8 -DSIZEOF_VOID_P=8 -DSIZEOF_LONG_LONG=8 -DHAVE_UINTMAX_T=/\*\*/ -DHAVE_UINT_FAST32_T=/\*\*/ -DHAVE_SOCKLEN_T=/\*\*/ -DUOFF_T_LONG=/\*\*/ -DHAVE_STRUCT_IOVEC=/\*\*/ -DHAVE_SETENV=1'
ECHO_C=''
ECHO_N='-n'
ECHO_T=''
EGREP='/bin/grep -E'
EXEEXT=''
GREP='/bin/grep'
INSTALL_DATA='${INSTALL} -m 644'
INSTALL_PROGRAM='${INSTALL}'
INSTALL_SCRIPT='${INSTALL}'
LDFLAGS=''
LIBOBJS=''
LIBS=''
LTLIBOBJS=''
OBJEXT='o'
PACKAGE_BUGREPORT='lukas.mika@web.de'
PACKAGE_NAME='dovecot-mbc'
PACKAGE_STRING='dovecot-mbc 1.0'
PACKAGE_TARNAME='dovecot-mbc'
PACKAGE_URL=''
PACKAGE_VERSION='1.0'
PATH_SEPARATOR=':'
SHELL='/bin/bash'
ac_ct_CC='gcc'
bindir='${exec_prefix}/bin'
build_alias=''
datadir='${datarootdir}'
datarootdir='${prefix}/share'
docdir='${datarootdir}/doc/${PACKAGE_TARNAME}'
dvidir='${docdir}'
exec_prefix='${prefix}'
host_alias=''
htmldir='${docdir}'
includedir='${prefix}/include'
infodir='${datarootdir}/info'
libdir='${exec_prefix}/lib'
libexecdir='${exec_prefix}/libexec'
localedir='${datarootdir}/locale'
localstatedir='${prefix}/var'
mandir='${datarootdir}/man'
oldincludedir='/usr/include'
pdfdir='${docdir}'
prefix='/usr/local'
program_transform_name='s,x,x,'
psdir='${docdir}'
sbindir='${exec_prefix}/sbin'
sharedstatedir='${prefix}/com'
sysconfdir='${prefix}/etc'
target_alias=''

## ----------- ##
## confdefs.h. ##
## ----------- ##

/* confdefs.h */
#define PACKAGE_NAME "dovecot-mbc"
#define PACKAGE_TARNAME "dovecot-mbc"
#define PACKAGE_VERSION "1.0"
#define PACKAGE_STRING "dovecot-mbc 1.0"
#define PACKAGE_BUGREPORT "lukas.mika@web.de"
#define PACKAGE_URL ""
#define STDC_HEADERS 1
#define HAVE_SYS_TYPES_H 1
#define HAVE_SYS_STAT_H 1
#define HAVE_STDLIB_H 1
#define HAVE_STRING_H 1
#define HAVE_MEMORY_H 1
#define HAVE_STRINGS_H 1
#define HAVE_INTTYPES_H 1
#define HAVE_STDINT_H 1
#define HAVE_UNISTD_H 1
#define HAVE_STDLIB_H 1
#define SIZEOF_INT 4
#define SIZEOF_LONG 8
#define SIZEOF_VOID_P 8
#define SIZEOF_LONG_LONG 8
#define HAVE_UINTMAX_T /**/
#define HAVE_UINT_FAST32_T /**/
#define HAVE_SOCKLEN_T /**/
#define UOFF_T_LONG /**/
#define HAVE_STRUCT_IOVEC /**/
#define HAVE_SETENV 1

configure: exit 0
